<?xml version="1.0" encoding="UTF-8"?>
<testsuite name="com.tourguide.location.TourGuideLocationApplicationTests" tests="1" skipped="0" failures="0" errors="0" timestamp="2022-01-28T21:44:12" hostname="iMac-de-Admin.local" time="0.004">
  <properties/>
  <testcase name="contextLoads()" classname="com.tourguide.location.TourGuideLocationApplicationTests" time="0.004"/>
  <system-out><![CDATA[2022-01-28 22:44:12.254  INFO 781 --- [    Test worker] .b.t.c.SpringBootTestContextBootstrapper : Neither @ContextConfiguration nor @ContextHierarchy found for test class [com.tourguide.location.TourGuideLocationApplicationTests], using SpringBootContextLoader
2022-01-28 22:44:12.256  INFO 781 --- [    Test worker] o.s.t.c.support.AbstractContextLoader    : Could not detect default resource locations for test class [com.tourguide.location.TourGuideLocationApplicationTests]: no resource found for suffixes {-context.xml, Context.groovy}.
2022-01-28 22:44:12.256  INFO 781 --- [    Test worker] t.c.s.AnnotationConfigContextLoaderUtils : Could not detect default configuration classes for test class [com.tourguide.location.TourGuideLocationApplicationTests]: TourGuideLocationApplicationTests does not declare any static, non-private, non-final, nested classes annotated with @Configuration.
2022-01-28 22:44:12.258  INFO 781 --- [    Test worker] .b.t.c.SpringBootTestContextBootstrapper : Found @SpringBootConfiguration com.tourguide.location.TourGuideLocationApplication for test class com.tourguide.location.TourGuideLocationApplicationTests
2022-01-28 22:44:12.260  INFO 781 --- [    Test worker] .b.t.c.SpringBootTestContextBootstrapper : Loaded default TestExecutionListener class names from location [META-INF/spring.factories]: [org.springframework.boot.test.autoconfigure.restdocs.RestDocsTestExecutionListener, org.springframework.boot.test.autoconfigure.web.client.MockRestServiceServerResetTestExecutionListener, org.springframework.boot.test.autoconfigure.web.servlet.MockMvcPrintOnlyOnFailureTestExecutionListener, org.springframework.boot.test.autoconfigure.web.servlet.WebDriverTestExecutionListener, org.springframework.boot.test.autoconfigure.webservices.client.MockWebServiceServerTestExecutionListener, org.springframework.boot.test.mock.mockito.MockitoTestExecutionListener, org.springframework.boot.test.mock.mockito.ResetMocksTestExecutionListener, org.springframework.test.context.web.ServletTestExecutionListener, org.springframework.test.context.support.DirtiesContextBeforeModesTestExecutionListener, org.springframework.test.context.event.ApplicationEventsTestExecutionListener, org.springframework.test.context.support.DependencyInjectionTestExecutionListener, org.springframework.test.context.support.DirtiesContextTestExecutionListener, org.springframework.test.context.transaction.TransactionalTestExecutionListener, org.springframework.test.context.jdbc.SqlScriptsTestExecutionListener, org.springframework.test.context.event.EventPublishingTestExecutionListener]
2022-01-28 22:44:12.262  INFO 781 --- [    Test worker] .b.t.c.SpringBootTestContextBootstrapper : Using TestExecutionListeners: [org.springframework.test.context.web.ServletTestExecutionListener@4db44332, org.springframework.test.context.support.DirtiesContextBeforeModesTestExecutionListener@7c6cfb59, org.springframework.test.context.event.ApplicationEventsTestExecutionListener@3b9eff20, org.springframework.boot.test.mock.mockito.MockitoTestExecutionListener@6a6e88e6, org.springframework.boot.test.autoconfigure.SpringBootDependencyInjectionTestExecutionListener@52cfb4a, org.springframework.test.context.support.DirtiesContextTestExecutionListener@1e016e85, org.springframework.test.context.transaction.TransactionalTestExecutionListener@52aaf59a, org.springframework.test.context.jdbc.SqlScriptsTestExecutionListener@4c9d7e91, org.springframework.test.context.event.EventPublishingTestExecutionListener@2e893ae3, org.springframework.boot.test.autoconfigure.restdocs.RestDocsTestExecutionListener@3be90cf1, org.springframework.boot.test.autoconfigure.web.client.MockRestServiceServerResetTestExecutionListener@3e6a2833, org.springframework.boot.test.autoconfigure.web.servlet.MockMvcPrintOnlyOnFailureTestExecutionListener@1924a099, org.springframework.boot.test.autoconfigure.web.servlet.WebDriverTestExecutionListener@7e1dcf7c, org.springframework.boot.test.autoconfigure.webservices.client.MockWebServiceServerTestExecutionListener@de0daca, org.springframework.boot.test.mock.mockito.ResetMocksTestExecutionListener@622450f5]
]]></system-out>
  <system-err><![CDATA[]]></system-err>
</testsuite>
