<?xml version="1.0" encoding="UTF-8"?>
<testsuite name="com.tourguide.location.ServiceTest" tests="2" skipped="0" failures="0" errors="0" timestamp="2022-01-28T21:44:11" hostname="iMac-de-Admin.local" time="0.517">
  <properties/>
  <testcase name="getCurrentLocationTest()" classname="com.tourguide.location.ServiceTest" time="0.505"/>
  <testcase name="getLastLocation()" classname="com.tourguide.location.ServiceTest" time="0.01"/>
  <system-out><![CDATA[2022-01-28 22:44:11.716  INFO 781 --- [    Test worker] .b.t.c.SpringBootTestContextBootstrapper : Neither @ContextConfiguration nor @ContextHierarchy found for test class [com.tourguide.location.ServiceTest], using SpringBootContextLoader
2022-01-28 22:44:11.718  INFO 781 --- [    Test worker] o.s.t.c.support.AbstractContextLoader    : Could not detect default resource locations for test class [com.tourguide.location.ServiceTest]: no resource found for suffixes {-context.xml, Context.groovy}.
2022-01-28 22:44:11.720  INFO 781 --- [    Test worker] t.c.s.AnnotationConfigContextLoaderUtils : Could not detect default configuration classes for test class [com.tourguide.location.ServiceTest]: ServiceTest does not declare any static, non-private, non-final, nested classes annotated with @Configuration.
2022-01-28 22:44:11.722  INFO 781 --- [    Test worker] .b.t.c.SpringBootTestContextBootstrapper : Found @SpringBootConfiguration com.tourguide.location.TourGuideLocationApplication for test class com.tourguide.location.ServiceTest
2022-01-28 22:44:11.726  INFO 781 --- [    Test worker] .b.t.c.SpringBootTestContextBootstrapper : Loaded default TestExecutionListener class names from location [META-INF/spring.factories]: [org.springframework.boot.test.autoconfigure.restdocs.RestDocsTestExecutionListener, org.springframework.boot.test.autoconfigure.web.client.MockRestServiceServerResetTestExecutionListener, org.springframework.boot.test.autoconfigure.web.servlet.MockMvcPrintOnlyOnFailureTestExecutionListener, org.springframework.boot.test.autoconfigure.web.servlet.WebDriverTestExecutionListener, org.springframework.boot.test.autoconfigure.webservices.client.MockWebServiceServerTestExecutionListener, org.springframework.boot.test.mock.mockito.MockitoTestExecutionListener, org.springframework.boot.test.mock.mockito.ResetMocksTestExecutionListener, org.springframework.test.context.web.ServletTestExecutionListener, org.springframework.test.context.support.DirtiesContextBeforeModesTestExecutionListener, org.springframework.test.context.event.ApplicationEventsTestExecutionListener, org.springframework.test.context.support.DependencyInjectionTestExecutionListener, org.springframework.test.context.support.DirtiesContextTestExecutionListener, org.springframework.test.context.transaction.TransactionalTestExecutionListener, org.springframework.test.context.jdbc.SqlScriptsTestExecutionListener, org.springframework.test.context.event.EventPublishingTestExecutionListener]
2022-01-28 22:44:11.726  INFO 781 --- [    Test worker] .b.t.c.SpringBootTestContextBootstrapper : Using TestExecutionListeners: [org.springframework.test.context.web.ServletTestExecutionListener@72d0bbc7, org.springframework.test.context.support.DirtiesContextBeforeModesTestExecutionListener@209504b3, org.springframework.test.context.event.ApplicationEventsTestExecutionListener@3443a37, org.springframework.boot.test.mock.mockito.MockitoTestExecutionListener@2258aa66, org.springframework.boot.test.autoconfigure.SpringBootDependencyInjectionTestExecutionListener@55a12369, org.springframework.test.context.support.DirtiesContextTestExecutionListener@5d9915f2, org.springframework.test.context.transaction.TransactionalTestExecutionListener@7fae09f4, org.springframework.test.context.jdbc.SqlScriptsTestExecutionListener@184287fd, org.springframework.test.context.event.EventPublishingTestExecutionListener@442455f7, org.springframework.boot.test.autoconfigure.restdocs.RestDocsTestExecutionListener@5187fe04, org.springframework.boot.test.autoconfigure.web.client.MockRestServiceServerResetTestExecutionListener@5ee9bc69, org.springframework.boot.test.autoconfigure.web.servlet.MockMvcPrintOnlyOnFailureTestExecutionListener@5298b526, org.springframework.boot.test.autoconfigure.web.servlet.WebDriverTestExecutionListener@34f5c96f, org.springframework.boot.test.autoconfigure.webservices.client.MockWebServiceServerTestExecutionListener@5aec662b, org.springframework.boot.test.mock.mockito.ResetMocksTestExecutionListener@497593eb]
]]></system-out>
  <system-err><![CDATA[]]></system-err>
</testsuite>
