<?xml version="1.0" encoding="UTF-8"?>
<testsuite name="com.tourguide.location.ModelTest" tests="2" skipped="0" failures="0" errors="0" timestamp="2022-01-28T21:44:11" hostname="iMac-de-Admin.local" time="0.333">
  <properties/>
  <testcase name="getVisitedLocationTest()" classname="com.tourguide.location.ModelTest" time="0.323"/>
  <testcase name="setVisitedLocationTest()" classname="com.tourguide.location.ModelTest" time="0.008"/>
  <system-out><![CDATA[22:44:02.785 [Test worker] DEBUG org.springframework.test.context.BootstrapUtils - Instantiating CacheAwareContextLoaderDelegate from class [org.springframework.test.context.cache.DefaultCacheAwareContextLoaderDelegate]
22:44:02.813 [Test worker] DEBUG org.springframework.test.context.BootstrapUtils - Instantiating BootstrapContext using constructor [public org.springframework.test.context.support.DefaultBootstrapContext(java.lang.Class,org.springframework.test.context.CacheAwareContextLoaderDelegate)]
22:44:02.905 [Test worker] DEBUG org.springframework.test.context.BootstrapUtils - Instantiating TestContextBootstrapper for test class [com.tourguide.location.ModelTest] from class [org.springframework.boot.test.context.SpringBootTestContextBootstrapper]
22:44:02.931 [Test worker] INFO org.springframework.boot.test.context.SpringBootTestContextBootstrapper - Neither @ContextConfiguration nor @ContextHierarchy found for test class [com.tourguide.location.ModelTest], using SpringBootContextLoader
22:44:02.941 [Test worker] DEBUG org.springframework.test.context.support.AbstractContextLoader - Did not detect default resource location for test class [com.tourguide.location.ModelTest]: class path resource [com/tourguide/location/ModelTest-context.xml] does not exist
22:44:02.943 [Test worker] DEBUG org.springframework.test.context.support.AbstractContextLoader - Did not detect default resource location for test class [com.tourguide.location.ModelTest]: class path resource [com/tourguide/location/ModelTestContext.groovy] does not exist
22:44:02.943 [Test worker] INFO org.springframework.test.context.support.AbstractContextLoader - Could not detect default resource locations for test class [com.tourguide.location.ModelTest]: no resource found for suffixes {-context.xml, Context.groovy}.
22:44:02.946 [Test worker] INFO org.springframework.test.context.support.AnnotationConfigContextLoaderUtils - Could not detect default configuration classes for test class [com.tourguide.location.ModelTest]: ModelTest does not declare any static, non-private, non-final, nested classes annotated with @Configuration.
22:44:03.030 [Test worker] DEBUG org.springframework.test.context.support.ActiveProfilesUtils - Could not find an 'annotation declaring class' for annotation type [org.springframework.test.context.ActiveProfiles] and class [com.tourguide.location.ModelTest]
22:44:03.199 [Test worker] DEBUG org.springframework.context.annotation.ClassPathScanningCandidateComponentProvider - Identified candidate component class: file [/Users/mac/Desktop/OC/eclipse-workplace/TourGuideLocation/build/classes/java/main/com/tourguide/location/TourGuideLocationApplication.class]
22:44:03.200 [Test worker] INFO org.springframework.boot.test.context.SpringBootTestContextBootstrapper - Found @SpringBootConfiguration com.tourguide.location.TourGuideLocationApplication for test class com.tourguide.location.ModelTest
22:44:03.473 [Test worker] DEBUG org.springframework.boot.test.context.SpringBootTestContextBootstrapper - @TestExecutionListeners is not present for class [com.tourguide.location.ModelTest]: using defaults.
22:44:03.474 [Test worker] INFO org.springframework.boot.test.context.SpringBootTestContextBootstrapper - Loaded default TestExecutionListener class names from location [META-INF/spring.factories]: [org.springframework.boot.test.autoconfigure.restdocs.RestDocsTestExecutionListener, org.springframework.boot.test.autoconfigure.web.client.MockRestServiceServerResetTestExecutionListener, org.springframework.boot.test.autoconfigure.web.servlet.MockMvcPrintOnlyOnFailureTestExecutionListener, org.springframework.boot.test.autoconfigure.web.servlet.WebDriverTestExecutionListener, org.springframework.boot.test.autoconfigure.webservices.client.MockWebServiceServerTestExecutionListener, org.springframework.boot.test.mock.mockito.MockitoTestExecutionListener, org.springframework.boot.test.mock.mockito.ResetMocksTestExecutionListener, org.springframework.test.context.web.ServletTestExecutionListener, org.springframework.test.context.support.DirtiesContextBeforeModesTestExecutionListener, org.springframework.test.context.event.ApplicationEventsTestExecutionListener, org.springframework.test.context.support.DependencyInjectionTestExecutionListener, org.springframework.test.context.support.DirtiesContextTestExecutionListener, org.springframework.test.context.transaction.TransactionalTestExecutionListener, org.springframework.test.context.jdbc.SqlScriptsTestExecutionListener, org.springframework.test.context.event.EventPublishingTestExecutionListener]
22:44:03.525 [Test worker] INFO org.springframework.boot.test.context.SpringBootTestContextBootstrapper - Using TestExecutionListeners: [org.springframework.test.context.web.ServletTestExecutionListener@1b6683c4, org.springframework.test.context.support.DirtiesContextBeforeModesTestExecutionListener@69abeb14, org.springframework.test.context.event.ApplicationEventsTestExecutionListener@7db2b614, org.springframework.boot.test.mock.mockito.MockitoTestExecutionListener@34d5eac, org.springframework.boot.test.autoconfigure.SpringBootDependencyInjectionTestExecutionListener@2c1a95a2, org.springframework.test.context.support.DirtiesContextTestExecutionListener@1adf387e, org.springframework.test.context.transaction.TransactionalTestExecutionListener@72b53f27, org.springframework.test.context.jdbc.SqlScriptsTestExecutionListener@1be4a7e3, org.springframework.test.context.event.EventPublishingTestExecutionListener@632b96b8, org.springframework.boot.test.autoconfigure.restdocs.RestDocsTestExecutionListener@544e6b, org.springframework.boot.test.autoconfigure.web.client.MockRestServiceServerResetTestExecutionListener@5b430541, org.springframework.boot.test.autoconfigure.web.servlet.MockMvcPrintOnlyOnFailureTestExecutionListener@65a66a75, org.springframework.boot.test.autoconfigure.web.servlet.WebDriverTestExecutionListener@5a07ae2f, org.springframework.boot.test.autoconfigure.webservices.client.MockWebServiceServerTestExecutionListener@78829412, org.springframework.boot.test.mock.mockito.ResetMocksTestExecutionListener@3ba8ef4e]
22:44:03.532 [Test worker] DEBUG org.springframework.test.context.support.AbstractDirtiesContextTestExecutionListener - Before test class: context [DefaultTestContext@25d23478 testClass = ModelTest, testInstance = [null], testMethod = [null], testException = [null], mergedContextConfiguration = [WebMergedContextConfiguration@677c2820 testClass = ModelTest, locations = '{}', classes = '{class com.tourguide.location.TourGuideLocationApplication}', contextInitializerClasses = '[]', activeProfiles = '{}', propertySourceLocations = '{}', propertySourceProperties = '{org.springframework.boot.test.context.SpringBootTestContextBootstrapper=true}', contextCustomizers = set[org.springframework.boot.test.autoconfigure.actuate.metrics.MetricsExportContextCustomizerFactory$DisableMetricExportContextCustomizer@1515f782, org.springframework.boot.test.autoconfigure.properties.PropertyMappingContextCustomizer@0, org.springframework.boot.test.autoconfigure.web.servlet.WebDriverContextCustomizerFactory$Customizer@5bb2fb2b, org.springframework.boot.test.context.filter.ExcludeFilterContextCustomizer@3d512652, org.springframework.boot.test.json.DuplicateJsonObjectContextCustomizerFactory$DuplicateJsonObjectContextCustomizer@1b3a9ef4, org.springframework.boot.test.mock.mockito.MockitoContextCustomizer@0, org.springframework.boot.test.web.client.TestRestTemplateContextCustomizer@5d767218, org.springframework.boot.test.context.SpringBootTestArgs@1, org.springframework.boot.test.context.SpringBootTestWebEnvironment@37b57b54], resourceBasePath = 'src/main/webapp', contextLoader = 'org.springframework.boot.test.context.SpringBootContextLoader', parent = [null]], attributes = map['org.springframework.test.context.web.ServletTestExecutionListener.activateListener' -> true]], class annotated with @DirtiesContext [false] with mode [null].
22:44:03.641 [Test worker] DEBUG org.springframework.boot.ApplicationServletEnvironment - Activating profiles []
22:44:03.643 [Test worker] DEBUG org.springframework.test.context.support.TestPropertySourceUtils - Adding inlined properties to environment: {spring.jmx.enabled=false, org.springframework.boot.test.context.SpringBootTestContextBootstrapper=true}

  .   ____          _            __ _ _
 /\\ / ___'_ __ _ _(_)_ __  __ _ \ \ \ \
( ( )\___ | '_ | '_| | '_ \/ _` | \ \ \ \
 \\/  ___)| |_)| | | | | || (_| |  ) ) ) )
  '  |____| .__|_| |_|_| |_\__, | / / / /
 =========|_|==============|___/=/_/_/_/
 :: Spring Boot ::                (v2.6.2)

2022-01-28 22:44:04.218  INFO 781 --- [    Test worker] com.tourguide.location.ModelTest         : Starting ModelTest using Java 11.0.9.1 on iMac-de-Admin.local with PID 781 (started by mac in /Users/mac/Desktop/OC/eclipse-workplace/TourGuideLocation)
2022-01-28 22:44:04.220  INFO 781 --- [    Test worker] com.tourguide.location.ModelTest         : No active profile set, falling back to default profiles: default
2022-01-28 22:44:05.535  INFO 781 --- [    Test worker] .s.d.r.c.RepositoryConfigurationDelegate : Bootstrapping Spring Data JPA repositories in DEFAULT mode.
2022-01-28 22:44:05.626  INFO 781 --- [    Test worker] .s.d.r.c.RepositoryConfigurationDelegate : Finished Spring Data repository scanning in 75 ms. Found 1 JPA repository interfaces.
2022-01-28 22:44:06.579  INFO 781 --- [    Test worker] com.zaxxer.hikari.HikariDataSource       : HikariPool-1 - Starting...
2022-01-28 22:44:07.091  INFO 781 --- [    Test worker] com.zaxxer.hikari.HikariDataSource       : HikariPool-1 - Start completed.
2022-01-28 22:44:07.222  INFO 781 --- [    Test worker] o.hibernate.jpa.internal.util.LogHelper  : HHH000204: Processing PersistenceUnitInfo [name: default]
2022-01-28 22:44:07.333  INFO 781 --- [    Test worker] org.hibernate.Version                    : HHH000412: Hibernate ORM core version 5.6.3.Final
2022-01-28 22:44:07.753  INFO 781 --- [    Test worker] o.hibernate.annotations.common.Version   : HCANN000001: Hibernate Commons Annotations {5.1.2.Final}
2022-01-28 22:44:08.063  INFO 781 --- [    Test worker] org.hibernate.dialect.Dialect            : HHH000400: Using dialect: org.hibernate.dialect.H2Dialect
2022-01-28 22:44:09.255  INFO 781 --- [    Test worker] o.h.e.t.j.p.i.JtaPlatformInitiator       : HHH000490: Using JtaPlatform implementation: [org.hibernate.engine.transaction.jta.platform.internal.NoJtaPlatform]
2022-01-28 22:44:09.273  INFO 781 --- [    Test worker] j.LocalContainerEntityManagerFactoryBean : Initialized JPA EntityManagerFactory for persistence unit 'default'
2022-01-28 22:44:10.300  WARN 781 --- [    Test worker] JpaBaseConfiguration$JpaWebConfiguration : spring.jpa.open-in-view is enabled by default. Therefore, database queries may be performed during view rendering. Explicitly configure spring.jpa.open-in-view to disable this warning
2022-01-28 22:44:10.927  INFO 781 --- [    Test worker] o.s.b.a.h2.H2ConsoleAutoConfiguration    : H2 console available at '/h2-console'. Database available at 'jdbc:h2:mem:9cb74237-857c-44f5-8a6c-7f215271c59e'
2022-01-28 22:44:11.337  INFO 781 --- [    Test worker] com.tourguide.location.ModelTest         : Started ModelTest in 7.691 seconds (JVM running for 15.411)
]]></system-out>
  <system-err><![CDATA[]]></system-err>
</testsuite>
